<?xml version="1.0" encoding="UTF-8"?>
<!-- Generated by org.testng.reporters.JUnitReportReporter -->
<testsuite hostname="MAVBCP2012" failures="0" tests="2" name="Com.Activity4" time="21.856" errors="0" timestamp="2021-02-22T19:39:41 IST" skipped="0">
  <testcase classname="Com.Activity4" name="ChromeTest" time="8.142"/>
  <system-out/>
  <testcase classname="Com.Activity4" name="FirefoxTest" time="13.714"/>
  <system-out/>
</testsuite> <!-- Com.Activity4 -->
